2018-04-05T14:27:49.207Z - info: User function triggered, starting execution
2018-04-05T14:27:51.781Z - info: Execution took 2578 ms, user function completed successfully
2018-04-05T14:28:53.800Z - info: User function triggered, starting execution
2018-04-05T14:28:53.808Z - info: Execution took 8 ms, user function completed successfully
2018-04-05T14:29:00.212Z - info: User function triggered, starting execution
2018-04-05T14:29:00.217Z - info: Execution took 5 ms, user function completed successfully
2018-04-05T14:29:45.512Z - info: Worker for app closed due to file changes.
2018-04-05T14:29:50.740Z - info: User function triggered, starting execution
2018-04-05T14:29:52.958Z - info: { '-L9KtL38FwLI_VZZgsnU': { name: 'Sohel Ahmed', price: 20 },
  '-L9KtpidvYjJXzeZxRAI': { name: 'Mango', price: 50 } }
2018-04-05T14:29:53.112Z - info: Execution took 2372 ms, user function completed successfully
2018-04-05T14:31:50.208Z - info: User function triggered, starting execution
2018-04-05T14:31:52.367Z - info: { '-L9KtL38FwLI_VZZgsnU': { name: 'Sohel Ahmed', price: 20 },
  '-L9KtpidvYjJXzeZxRAI': { name: 'Mango', price: 50 } }
2018-04-05T14:31:52.493Z - info: Execution took 2286 ms, user function completed successfully
2018-04-05T14:32:14.860Z - info: User function triggered, starting execution
2018-04-05T14:32:17.064Z - info: { '-L9KtL38FwLI_VZZgsnU': { name: 'Sohel Ahmed', price: 20 },
  '-L9KtpidvYjJXzeZxRAI': { name: 'Mango', price: 50 } }
2018-04-05T14:32:17.184Z - info: Execution took 2327 ms, user function completed successfully
2018-04-05T14:34:16.674Z - info: User function triggered, starting execution
2018-04-05T14:34:20.206Z - info: { '-L9KtL38FwLI_VZZgsnU': { name: 'Sohel Ahmed', price: 20 },
  '-L9KtpidvYjJXzeZxRAI': { name: 'Mango', price: 50 } }
2018-04-05T14:34:20.344Z - info: Execution took 3669 ms, user function completed successfully
2018-04-05T14:34:30.297Z - info: User function triggered, starting execution
2018-04-05T14:34:30.299Z - info: { '-L9KtL38FwLI_VZZgsnU': { name: 'Sohel Ahmed', price: 20 },
  '-L9KtpidvYjJXzeZxRAI': { name: 'Mango', price: 50 } }
2018-04-05T14:34:30.306Z - info: Execution took 9 ms, user function completed successfully
2018-04-05T14:34:32.617Z - info: User function triggered, starting execution
2018-04-05T14:34:32.617Z - info: { '-L9KtL38FwLI_VZZgsnU': { name: 'Sohel Ahmed', price: 20 },
  '-L9KtpidvYjJXzeZxRAI': { name: 'Mango', price: 50 } }
2018-04-05T14:34:32.617Z - info: Execution took 0 ms, user function completed successfully
